<?xml version="1.0" encoding="UTF-8"?>
<testng-results ignored="0" total="1" passed="1" failed="0" skipped="0">
  <reporter-output>
  </reporter-output>
  <suite started-at="2023-11-22T13:39:32Z" name="Default suite" finished-at="2023-11-22T13:39:54Z" duration-ms="21441">
    <groups>
    </groups>
    <test started-at="2023-11-22T13:39:32Z" name="Default test" finished-at="2023-11-22T13:39:54Z" duration-ms="21441">
      <class name="com.sakib.bd.ScrollExamples">
        <test-method is-config="true" signature="startBrowser()[pri:0, instance:com.sakib.bd.ScrollExamples@2141a12]" started-at="2023-11-22T19:39:31Z" name="startBrowser" finished-at="2023-11-22T19:39:32Z" duration-ms="1410" status="PASS">
          <reporter-output>
          </reporter-output>
        </test-method> <!-- startBrowser -->
        <test-method signature="scrollTest()[pri:0, instance:com.sakib.bd.ScrollExamples@2141a12]" started-at="2023-11-22T19:39:32Z" name="scrollTest" finished-at="2023-11-22T19:39:54Z" duration-ms="21427" status="PASS">
          <reporter-output>
          </reporter-output>
        </test-method> <!-- scrollTest -->
        <test-method is-config="true" signature="close()[pri:0, instance:com.sakib.bd.ScrollExamples@2141a12]" started-at="2023-11-22T19:39:54Z" name="close" finished-at="2023-11-22T19:39:54Z" duration-ms="163" status="PASS">
          <reporter-output>
          </reporter-output>
        </test-method> <!-- close -->
      </class> <!-- com.sakib.bd.ScrollExamples -->
    </test> <!-- Default test -->
  </suite> <!-- Default suite -->
</testng-results>
